<?xml version="1.0" encoding="UTF-8"?>
<!-- Generated by org.testng.reporters.JUnitXMLReporter -->
<testsuite hostname="ozma" ignored="0" name="EmployeeapiTest" tests="33" failures="6" timestamp="03 Jan 2020 16:14:21 GMT" time="27.234" errors="0">
  <testcase name="@BeforeClass deleteEmloyee" time="0.003" classname="com.employeesapi.testcases.TC005_Del_Emp_Rec">
    <failure type="java.lang.NullPointerException">
      <![CDATA[java.lang.NullPointerException
at com.employeesapi.testcases.TC005_Del_Emp_Rec.deleteEmloyee(TC005_Del_Emp_Rec.java:22)
... Removed 26 stack frames]]>
    </failure>
  </testcase> <!-- @BeforeClass deleteEmloyee -->
  <testcase name="@AfterClass tearDown" time="0.0" classname="com.employeesapi.testcases.TC005_Del_Emp_Rec">
    <skipped/>
  </testcase> <!-- @AfterClass tearDown -->
  <testcase name="checkContentLength" time="0.011" classname="com.employeesapi.testcases.TC001_Get_All_Employees">
    <failure type="java.lang.NumberFormatException" message="null">
      <![CDATA[java.lang.NumberFormatException: null
at java.lang.Integer.parseInt(Integer.java:542)
at java.lang.Integer.parseInt(Integer.java:615)
at com.employeesapi.testcases.TC001_Get_All_Employees.checkContentLength(TC001_Get_All_Employees.java:85)
... Removed 25 stack frames]]>
    </failure>
  </testcase> <!-- checkContentLength -->
  <testcase name="checkContentType" time="0.003" classname="com.employeesapi.testcases.TC001_Get_All_Employees"/>
  <testcase name="checkCookies" time="0.001" classname="com.employeesapi.testcases.TC001_Get_All_Employees"/>
  <testcase name="checkResponseBody" time="0.099" classname="com.employeesapi.testcases.TC001_Get_All_Employees"/>
  <testcase name="checkResponseTime" time="0.002" classname="com.employeesapi.testcases.TC001_Get_All_Employees">
    <failure type="java.lang.AssertionError" message="expected [true] but found [false]">
      <![CDATA[java.lang.AssertionError: expected [true] but found [false]
at com.employeesapi.testcases.TC001_Get_All_Employees.checkResponseTime(TC001_Get_All_Employees.java:44)
... Removed 29 stack frames]]>
    </failure>
  </testcase> <!-- checkResponseTime -->
  <testcase name="checkServerType" time="0.001" classname="com.employeesapi.testcases.TC001_Get_All_Employees"/>
  <testcase name="checkStatusCode" time="0.0" classname="com.employeesapi.testcases.TC001_Get_All_Employees"/>
  <testcase name="checkcontentEncoding" time="0.0" classname="com.employeesapi.testcases.TC001_Get_All_Employees"/>
  <testcase name="checkstatusLine" time="0.0" classname="com.employeesapi.testcases.TC001_Get_All_Employees"/>
  <testcase name="checkContentLength" time="0.007" classname="com.employeesapi.testcases.TC002_Get_Single_Emp_Rec"/>
  <testcase name="checkContentType" time="0.002" classname="com.employeesapi.testcases.TC002_Get_Single_Emp_Rec"/>
  <testcase name="checkResponseBody" time="0.003" classname="com.employeesapi.testcases.TC002_Get_Single_Emp_Rec"/>
  <testcase name="checkResponseTime" time="0.001" classname="com.employeesapi.testcases.TC002_Get_Single_Emp_Rec"/>
  <testcase name="checkStatusCode" time="0.002" classname="com.employeesapi.testcases.TC002_Get_Single_Emp_Rec"/>
  <testcase name="checkStatusLine" time="0.002" classname="com.employeesapi.testcases.TC002_Get_Single_Emp_Rec"/>
  <testcase name="checkserverType" time="0.002" classname="com.employeesapi.testcases.TC002_Get_Single_Emp_Rec"/>
  <testcase name="checkContentType" time="0.001" classname="com.employeesapi.testcases.TC003_Post_Emp_Rec"/>
  <testcase name="checkResponseBody" time="0.004" classname="com.employeesapi.testcases.TC003_Post_Emp_Rec">
    <failure type="java.lang.AssertionError" message="expected [true] but found [false]">
      <![CDATA[java.lang.AssertionError: expected [true] but found [false]
at com.employeesapi.testcases.TC003_Post_Emp_Rec.checkResponseBody(TC003_Post_Emp_Rec.java:53)
... Removed 31 stack frames]]>
    </failure>
  </testcase> <!-- checkResponseBody -->
  <testcase name="checkStatusCode" time="0.002" classname="com.employeesapi.testcases.TC003_Post_Emp_Rec"/>
  <testcase name="checkcontentEncoding" time="0.002" classname="com.employeesapi.testcases.TC003_Post_Emp_Rec">
    <failure type="java.lang.AssertionError" message="expected [gzip] but found [null]">
      <![CDATA[java.lang.AssertionError: expected [gzip] but found [null]
at com.employeesapi.testcases.TC003_Post_Emp_Rec.checkcontentEncoding(TC003_Post_Emp_Rec.java:86)
... Removed 31 stack frames]]>
    </failure>
  </testcase> <!-- checkcontentEncoding -->
  <testcase name="checkserverType" time="0.002" classname="com.employeesapi.testcases.TC003_Post_Emp_Rec"/>
  <testcase name="checkstatusLine" time="0.0" classname="com.employeesapi.testcases.TC003_Post_Emp_Rec"/>
  <testcase name="checkContentType" time="0.002" classname="com.employeesapi.testcases.TC004_Put_Emp_Rec"/>
  <testcase name="checkResponseBody" time="0.012" classname="com.employeesapi.testcases.TC004_Put_Emp_Rec">
    <failure type="java.lang.AssertionError" message="expected [true] but found [false]">
      <![CDATA[java.lang.AssertionError: expected [true] but found [false]
at com.employeesapi.testcases.TC004_Put_Emp_Rec.checkResponseBody(TC004_Put_Emp_Rec.java:52)
... Removed 31 stack frames]]>
    </failure>
  </testcase> <!-- checkResponseBody -->
  <testcase name="checkStatusCode" time="0.002" classname="com.employeesapi.testcases.TC004_Put_Emp_Rec"/>
  <testcase name="checkcontentEncoding" time="0.002" classname="com.employeesapi.testcases.TC004_Put_Emp_Rec">
    <failure type="java.lang.AssertionError" message="expected [gzip] but found [null]">
      <![CDATA[java.lang.AssertionError: expected [gzip] but found [null]
at com.employeesapi.testcases.TC004_Put_Emp_Rec.checkcontentEncoding(TC004_Put_Emp_Rec.java:85)
... Removed 31 stack frames]]>
    </failure>
  </testcase> <!-- checkcontentEncoding -->
  <testcase name="checkserverType" time="0.003" classname="com.employeesapi.testcases.TC004_Put_Emp_Rec"/>
  <testcase name="checkstatusLine" time="0.001" classname="com.employeesapi.testcases.TC004_Put_Emp_Rec"/>
  <testcase name="checkContentType" time="0.0" classname="com.employeesapi.testcases.TC005_Del_Emp_Rec">
    <skipped/>
  </testcase> <!-- checkContentType -->
  <testcase name="checkResponseBody" time="0.0" classname="com.employeesapi.testcases.TC005_Del_Emp_Rec">
    <skipped/>
  </testcase> <!-- checkResponseBody -->
  <testcase name="checkStatusCode" time="0.0" classname="com.employeesapi.testcases.TC005_Del_Emp_Rec">
    <skipped/>
  </testcase> <!-- checkStatusCode -->
  <testcase name="checkStatusLine" time="0.0" classname="com.employeesapi.testcases.TC005_Del_Emp_Rec">
    <skipped/>
  </testcase> <!-- checkStatusLine -->
  <testcase name="checkserverType" time="0.0" classname="com.employeesapi.testcases.TC005_Del_Emp_Rec">
    <skipped/>
  </testcase> <!-- checkserverType -->
</testsuite> <!-- EmployeeapiTest -->
