<?xml version="1.0" encoding="UTF-8" ?>
<testsuite tests="35" failures="15" name="TestSuite" time="0.199" errors="0" skipped="6">
  <properties>
[...]
</properties>
  <testcase classname="com.employeesapi.testcases.TC001_Get_All_Employees" name="checkContentLength" time="0.058">
    <failure type="java.lang.NumberFormatException:">java.lang.NumberFormatException: null
	at java.lang.Integer.parseInt(Integer.java:542)
	at java.lang.Integer.parseInt(Integer.java:615)
	at com.employeesapi.testcases.TC001_Get_All_Employees.checkContentLength(TC001_Get_All_Employees.java:85)
</failure>
    <system-err>log4j:WARN No appenders could be found for logger (RestAssuredMavenFramework).
log4j:WARN Please initialize the log4j system properly.
log4j:WARN See http://logging.apache.org/log4j/1.2/faq.html#noconfig for more info.
</system-err>
  </testcase>
  <testcase classname="com.employeesapi.testcases.TC001_Get_All_Employees" name="checkContentType" time="0">
    <failure message="expected [text/html; charset=UTF-8] but found [text/html; charset=iso-8859-1]" type="java.lang.AssertionError">java.lang.AssertionError: expected [text/html; charset=UTF-8] but found [text/html; charset=iso-8859-1]
	at org.testng.Assert.fail(Assert.java:96)
	at org.testng.Assert.failNotEquals(Assert.java:776)
	at org.testng.Assert.assertEqualsImpl(Assert.java:137)
	at org.testng.Assert.assertEquals(Assert.java:118)
	at org.testng.Assert.assertEquals(Assert.java:453)
	at org.testng.Assert.assertEquals(Assert.java:463)
	at com.employeesapi.testcases.TC001_Get_All_Employees.checkContentType(TC001_Get_All_Employees.java:60)
</failure>
  </testcase>
  <testcase classname="com.employeesapi.testcases.TC001_Get_All_Employees" name="checkCookies" time="0.002"/>
  <testcase classname="com.employeesapi.testcases.TC001_Get_All_Employees" name="checkResponseBody" time="0.027"/>
  <testcase classname="com.employeesapi.testcases.TC001_Get_All_Employees" name="checkResponseTime" time="0.001"/>
  <testcase classname="com.employeesapi.testcases.TC001_Get_All_Employees" name="checkServerType" time="0.001"/>
  <testcase classname="com.employeesapi.testcases.TC001_Get_All_Employees" name="checkStatusCode" time="0.001">
    <failure message="expected [200] but found [520]" type="java.lang.AssertionError">java.lang.AssertionError: expected [200] but found [520]
	at org.testng.Assert.fail(Assert.java:96)
	at org.testng.Assert.failNotEquals(Assert.java:776)
	at org.testng.Assert.assertEqualsImpl(Assert.java:137)
	at org.testng.Assert.assertEquals(Assert.java:118)
	at org.testng.Assert.assertEquals(Assert.java:652)
	at org.testng.Assert.assertEquals(Assert.java:662)
	at com.employeesapi.testcases.TC001_Get_All_Employees.checkStatusCode(TC001_Get_All_Employees.java:35)
</failure>
  </testcase>
  <testcase classname="com.employeesapi.testcases.TC001_Get_All_Employees" name="checkcontentEncoding" time="0"/>
  <testcase classname="com.employeesapi.testcases.TC001_Get_All_Employees" name="checkstatusLine" time="0.001">
    <failure message="expected [HTTP/1.1 200 OK] but found [HTTP/1.1 520 status code 520]" type="java.lang.AssertionError">java.lang.AssertionError: expected [HTTP/1.1 200 OK] but found [HTTP/1.1 520 status code 520]
	at org.testng.Assert.fail(Assert.java:96)
	at org.testng.Assert.failNotEquals(Assert.java:776)
	at org.testng.Assert.assertEqualsImpl(Assert.java:137)
	at org.testng.Assert.assertEquals(Assert.java:118)
	at org.testng.Assert.assertEquals(Assert.java:453)
	at org.testng.Assert.assertEquals(Assert.java:463)
	at com.employeesapi.testcases.TC001_Get_All_Employees.checkstatusLine(TC001_Get_All_Employees.java:51)
</failure>
  </testcase>
  <testcase classname="com.employeesapi.testcases.TC002_Get_Single_Emp_Rec" name="checkContentLength" time="0.002">
    <failure type="java.lang.NumberFormatException:">java.lang.NumberFormatException: null
	at java.lang.Integer.parseInt(Integer.java:542)
	at java.lang.Integer.parseInt(Integer.java:615)
	at com.employeesapi.testcases.TC002_Get_Single_Emp_Rec.checkContentLength(TC002_Get_Single_Emp_Rec.java:59)
</failure>
  </testcase>
  <testcase classname="com.employeesapi.testcases.TC002_Get_Single_Emp_Rec" name="checkContentType" time="0.015">
    <failure message="expected:&lt;text/html; charset=[iso-8859-1]&gt; but was:&lt;text/html; charset=[UTF-8]&gt;" type="junit.framework.ComparisonFailure">junit.framework.ComparisonFailure: expected:&lt;text/html; charset=[iso-8859-1]&gt; but was:&lt;text/html; charset=[UTF-8]&gt;
	at junit.framework.Assert.assertEquals(Assert.java:85)
	at junit.framework.Assert.assertEquals(Assert.java:91)
	at com.employeesapi.testcases.TC002_Get_Single_Emp_Rec.checkContentType(TC002_Get_Single_Emp_Rec.java:49)
</failure>
  </testcase>
  <testcase classname="com.employeesapi.testcases.TC002_Get_Single_Emp_Rec" name="checkResponseBody" time="0.006"/>
  <testcase classname="com.employeesapi.testcases.TC002_Get_Single_Emp_Rec" name="checkResponseTime" time="0.001"/>
  <testcase classname="com.employeesapi.testcases.TC002_Get_Single_Emp_Rec" name="checkStatusCode" time="0.019">
    <failure message="expected:&lt;520&gt; but was:&lt;200&gt;" type="junit.framework.AssertionFailedError">junit.framework.AssertionFailedError: expected:&lt;520&gt; but was:&lt;200&gt;
	at junit.framework.Assert.fail(Assert.java:50)
	at junit.framework.Assert.failNotEquals(Assert.java:287)
	at junit.framework.Assert.assertEquals(Assert.java:67)
	at junit.framework.Assert.assertEquals(Assert.java:199)
	at junit.framework.Assert.assertEquals(Assert.java:205)
	at com.employeesapi.testcases.TC002_Get_Single_Emp_Rec.checkStatusCode(TC002_Get_Single_Emp_Rec.java:33)
</failure>
  </testcase>
  <testcase classname="com.employeesapi.testcases.TC002_Get_Single_Emp_Rec" name="checkStatusLine" time="0.002">
    <failure message="expected:&lt;HTTP/1.1 [520 status code 520]&gt; but was:&lt;HTTP/1.1 [200 OK]&gt;" type="junit.framework.ComparisonFailure">junit.framework.ComparisonFailure: expected:&lt;HTTP/1.1 [520 status code 520]&gt; but was:&lt;HTTP/1.1 [200 OK]&gt;
	at junit.framework.Assert.assertEquals(Assert.java:85)
	at junit.framework.Assert.assertEquals(Assert.java:91)
	at com.employeesapi.testcases.TC002_Get_Single_Emp_Rec.checkStatusLine(TC002_Get_Single_Emp_Rec.java:44)
</failure>
  </testcase>
  <testcase classname="com.employeesapi.testcases.TC002_Get_Single_Emp_Rec" name="checkserverType" time="0.001"/>
  <testcase classname="com.employeesapi.testcases.TC003_Post_Emp_Rec" name="checkContentType" time="0.001"/>
  <testcase classname="com.employeesapi.testcases.TC003_Post_Emp_Rec" name="checkResponseBody" time="0.002">
    <failure message="expected [true] but found [false]" type="java.lang.AssertionError">java.lang.AssertionError: expected [true] but found [false]
	at org.testng.Assert.fail(Assert.java:96)
	at org.testng.Assert.failNotEquals(Assert.java:776)
	at org.testng.Assert.assertEqualsImpl(Assert.java:137)
	at org.testng.Assert.assertEquals(Assert.java:118)
	at org.testng.Assert.assertEquals(Assert.java:568)
	at org.testng.Assert.assertEquals(Assert.java:578)
	at com.employeesapi.testcases.TC003_Post_Emp_Rec.checkResponseBody(TC003_Post_Emp_Rec.java:53)
</failure>
  </testcase>
  <testcase classname="com.employeesapi.testcases.TC003_Post_Emp_Rec" name="checkStatusCode" time="0.001"/>
  <testcase classname="com.employeesapi.testcases.TC003_Post_Emp_Rec" name="checkcontentEncoding" time="0.002">
    <failure message="expected [gzip] but found [null]" type="java.lang.AssertionError">java.lang.AssertionError: expected [gzip] but found [null]
	at org.testng.Assert.fail(Assert.java:96)
	at org.testng.Assert.failNotEquals(Assert.java:776)
	at org.testng.Assert.assertEqualsImpl(Assert.java:132)
	at org.testng.Assert.assertEquals(Assert.java:118)
	at org.testng.Assert.assertEquals(Assert.java:453)
	at org.testng.Assert.assertEquals(Assert.java:463)
	at com.employeesapi.testcases.TC003_Post_Emp_Rec.checkcontentEncoding(TC003_Post_Emp_Rec.java:86)
</failure>
  </testcase>
  <testcase classname="com.employeesapi.testcases.TC003_Post_Emp_Rec" name="checkserverType" time="0.001"/>
  <testcase classname="com.employeesapi.testcases.TC003_Post_Emp_Rec" name="checkstatusLine" time="0.001"/>
  <testcase classname="com.employeesapi.testcases.TC004_Put_Emp_Rec" name="checkContentType" time="0.01">
    <failure message="expected [text/html; charset=UTF-8] but found [text/html; charset=iso-8859-1]" type="java.lang.AssertionError">java.lang.AssertionError: expected [text/html; charset=UTF-8] but found [text/html; charset=iso-8859-1]
	at org.testng.Assert.fail(Assert.java:96)
	at org.testng.Assert.failNotEquals(Assert.java:776)
	at org.testng.Assert.assertEqualsImpl(Assert.java:137)
	at org.testng.Assert.assertEquals(Assert.java:118)
	at org.testng.Assert.assertEquals(Assert.java:453)
	at org.testng.Assert.assertEquals(Assert.java:463)
	at com.employeesapi.testcases.TC004_Put_Emp_Rec.checkContentType(TC004_Put_Emp_Rec.java:74)
</failure>
  </testcase>
  <testcase classname="com.employeesapi.testcases.TC004_Put_Emp_Rec" name="checkResponseBody" time="0.003">
    <failure message="expected [true] but found [false]" type="java.lang.AssertionError">java.lang.AssertionError: expected [true] but found [false]
	at org.testng.Assert.fail(Assert.java:96)
	at org.testng.Assert.failNotEquals(Assert.java:776)
	at org.testng.Assert.assertEqualsImpl(Assert.java:137)
	at org.testng.Assert.assertEquals(Assert.java:118)
	at org.testng.Assert.assertEquals(Assert.java:568)
	at org.testng.Assert.assertEquals(Assert.java:578)
	at com.employeesapi.testcases.TC004_Put_Emp_Rec.checkResponseBody(TC004_Put_Emp_Rec.java:52)
</failure>
  </testcase>
  <testcase classname="com.employeesapi.testcases.TC004_Put_Emp_Rec" name="checkStatusCode" time="0.002">
    <failure message="expected [200] but found [520]" type="java.lang.AssertionError">java.lang.AssertionError: expected [200] but found [520]
	at org.testng.Assert.fail(Assert.java:96)
	at org.testng.Assert.failNotEquals(Assert.java:776)
	at org.testng.Assert.assertEqualsImpl(Assert.java:137)
	at org.testng.Assert.assertEquals(Assert.java:118)
	at org.testng.Assert.assertEquals(Assert.java:652)
	at org.testng.Assert.assertEquals(Assert.java:662)
	at com.employeesapi.testcases.TC004_Put_Emp_Rec.checkStatusCode(TC004_Put_Emp_Rec.java:62)
</failure>
  </testcase>
  <testcase classname="com.employeesapi.testcases.TC004_Put_Emp_Rec" name="checkcontentEncoding" time="0.001"/>
  <testcase classname="com.employeesapi.testcases.TC004_Put_Emp_Rec" name="checkserverType" time="0.001"/>
  <testcase classname="com.employeesapi.testcases.TC004_Put_Emp_Rec" name="checkstatusLine" time="0.001">
    <failure message="expected [HTTP/1.1 200 OK] but found [HTTP/1.1 520 status code 520]" type="java.lang.AssertionError">java.lang.AssertionError: expected [HTTP/1.1 200 OK] but found [HTTP/1.1 520 status code 520]
	at org.testng.Assert.fail(Assert.java:96)
	at org.testng.Assert.failNotEquals(Assert.java:776)
	at org.testng.Assert.assertEqualsImpl(Assert.java:137)
	at org.testng.Assert.assertEquals(Assert.java:118)
	at org.testng.Assert.assertEquals(Assert.java:453)
	at org.testng.Assert.assertEquals(Assert.java:463)
	at com.employeesapi.testcases.TC004_Put_Emp_Rec.checkstatusLine(TC004_Put_Emp_Rec.java:68)
</failure>
  </testcase>
  <testcase classname="com.employeesapi.testcases.TC005_Del_Emp_Rec" name="deleteEmloyee" time="0.003">
    <failure type="java.lang.NullPointerException">java.lang.NullPointerException
	at com.employeesapi.testcases.TC005_Del_Emp_Rec.deleteEmloyee(TC005_Del_Emp_Rec.java:22)
</failure>
  </testcase>
  <testcase classname="com.employeesapi.testcases.TC005_Del_Emp_Rec" name="checkContentType" time="0.005">
    <skipped/>
  </testcase>
  <testcase classname="com.employeesapi.testcases.TC005_Del_Emp_Rec" name="checkResponseBody" time="0.005">
    <skipped/>
  </testcase>
  <testcase classname="com.employeesapi.testcases.TC005_Del_Emp_Rec" name="checkStatusCode" time="0.005">
    <skipped/>
  </testcase>
  <testcase classname="com.employeesapi.testcases.TC005_Del_Emp_Rec" name="checkStatusLine" time="0.006">
    <skipped/>
  </testcase>
  <testcase classname="com.employeesapi.testcases.TC005_Del_Emp_Rec" name="checkserverType" time="0.006">
    <skipped/>
  </testcase>
  <testcase classname="com.employeesapi.testcases.TC005_Del_Emp_Rec" name="tearDown" time="0.006">
    <skipped/>
  </testcase>
</testsuite>