<?xml version="1.0" encoding="UTF-8"?>
<!-- Generated by org.testng.reporters.JUnitXMLReporter -->
<testsuite hostname="ozma" ignored="0" name="EmployeeapiTest" tests="33" failures="14" timestamp="03 Jan 2020 16:15:14 GMT" time="26.229" errors="0">
  <testcase name="@BeforeClass deleteEmloyee" time="0.0" classname="com.employeesapi.testcases.TC005_Del_Emp_Rec">
    <failure type="java.lang.NullPointerException">
      <![CDATA[java.lang.NullPointerException
at com.employeesapi.testcases.TC005_Del_Emp_Rec.deleteEmloyee(TC005_Del_Emp_Rec.java:22)
... Removed 35 stack frames]]>
    </failure>
  </testcase> <!-- @BeforeClass deleteEmloyee -->
  <testcase name="@AfterClass tearDown" time="0.0" classname="com.employeesapi.testcases.TC005_Del_Emp_Rec">
    <skipped/>
  </testcase> <!-- @AfterClass tearDown -->
  <testcase name="checkContentLength" time="0.003" classname="com.employeesapi.testcases.TC001_Get_All_Employees">
    <failure type="java.lang.NumberFormatException" message="null">
      <![CDATA[java.lang.NumberFormatException: null
at java.lang.Integer.parseInt(Integer.java:542)
at java.lang.Integer.parseInt(Integer.java:615)
at com.employeesapi.testcases.TC001_Get_All_Employees.checkContentLength(TC001_Get_All_Employees.java:85)
... Removed 34 stack frames]]>
    </failure>
  </testcase> <!-- checkContentLength -->
  <testcase name="checkContentType" time="0.005" classname="com.employeesapi.testcases.TC001_Get_All_Employees">
    <failure type="java.lang.AssertionError" message="expected [text/html; charset=UTF-8] but found [text/html; charset=iso-8859-1]">
      <![CDATA[java.lang.AssertionError: expected [text/html; charset=UTF-8] but found [text/html; charset=iso-8859-1]
at com.employeesapi.testcases.TC001_Get_All_Employees.checkContentType(TC001_Get_All_Employees.java:60)
... Removed 40 stack frames]]>
    </failure>
  </testcase> <!-- checkContentType -->
  <testcase name="checkCookies" time="0.001" classname="com.employeesapi.testcases.TC001_Get_All_Employees"/>
  <testcase name="checkResponseBody" time="0.027" classname="com.employeesapi.testcases.TC001_Get_All_Employees"/>
  <testcase name="checkResponseTime" time="0.001" classname="com.employeesapi.testcases.TC001_Get_All_Employees"/>
  <testcase name="checkServerType" time="0.0" classname="com.employeesapi.testcases.TC001_Get_All_Employees"/>
  <testcase name="checkStatusCode" time="0.0" classname="com.employeesapi.testcases.TC001_Get_All_Employees">
    <failure type="java.lang.AssertionError" message="expected [200] but found [520]">
      <![CDATA[java.lang.AssertionError: expected [200] but found [520]
at com.employeesapi.testcases.TC001_Get_All_Employees.checkStatusCode(TC001_Get_All_Employees.java:35)
... Removed 40 stack frames]]>
    </failure>
  </testcase> <!-- checkStatusCode -->
  <testcase name="checkcontentEncoding" time="0.001" classname="com.employeesapi.testcases.TC001_Get_All_Employees"/>
  <testcase name="checkstatusLine" time="0.0" classname="com.employeesapi.testcases.TC001_Get_All_Employees">
    <failure type="java.lang.AssertionError" message="expected [HTTP/1.1 200 OK] but found [HTTP/1.1 520 status code 520]">
      <![CDATA[java.lang.AssertionError: expected [HTTP/1.1 200 OK] but found [HTTP/1.1 520 status code 520]
at com.employeesapi.testcases.TC001_Get_All_Employees.checkstatusLine(TC001_Get_All_Employees.java:51)
... Removed 40 stack frames]]>
    </failure>
  </testcase> <!-- checkstatusLine -->
  <testcase name="checkContentLength" time="0.001" classname="com.employeesapi.testcases.TC002_Get_Single_Emp_Rec">
    <failure type="java.lang.NumberFormatException" message="null">
      <![CDATA[java.lang.NumberFormatException: null
at java.lang.Integer.parseInt(Integer.java:542)
at java.lang.Integer.parseInt(Integer.java:615)
at com.employeesapi.testcases.TC002_Get_Single_Emp_Rec.checkContentLength(TC002_Get_Single_Emp_Rec.java:59)
... Removed 34 stack frames]]>
    </failure>
  </testcase> <!-- checkContentLength -->
  <testcase name="checkContentType" time="0.01" classname="com.employeesapi.testcases.TC002_Get_Single_Emp_Rec">
    <failure type="junit.framework.ComparisonFailure" message="expected:&amp;lt;text/html; charset=[iso-8859-1]&amp;gt; but was:&amp;lt;text/html; charset=[UTF-8]&amp;gt;">
      <![CDATA[junit.framework.ComparisonFailure: expected:<text/html; charset=[iso-8859-1]> but was:<text/html; charset=[UTF-8]>
at junit.framework.Assert.assertEquals(Assert.java:85)
at junit.framework.Assert.assertEquals(Assert.java:91)
at com.employeesapi.testcases.TC002_Get_Single_Emp_Rec.checkContentType(TC002_Get_Single_Emp_Rec.java:49)
... Removed 34 stack frames]]>
    </failure>
  </testcase> <!-- checkContentType -->
  <testcase name="checkResponseBody" time="0.004" classname="com.employeesapi.testcases.TC002_Get_Single_Emp_Rec"/>
  <testcase name="checkResponseTime" time="0.0" classname="com.employeesapi.testcases.TC002_Get_Single_Emp_Rec"/>
  <testcase name="checkStatusCode" time="0.0" classname="com.employeesapi.testcases.TC002_Get_Single_Emp_Rec">
    <failure type="junit.framework.AssertionFailedError" message="expected:&amp;lt;520&amp;gt; but was:&amp;lt;200&amp;gt;">
      <![CDATA[junit.framework.AssertionFailedError: expected:<520> but was:<200>
at junit.framework.Assert.fail(Assert.java:50)
at junit.framework.Assert.failNotEquals(Assert.java:287)
at junit.framework.Assert.assertEquals(Assert.java:67)
at junit.framework.Assert.assertEquals(Assert.java:199)
at junit.framework.Assert.assertEquals(Assert.java:205)
at com.employeesapi.testcases.TC002_Get_Single_Emp_Rec.checkStatusCode(TC002_Get_Single_Emp_Rec.java:33)
... Removed 34 stack frames]]>
    </failure>
  </testcase> <!-- checkStatusCode -->
  <testcase name="checkStatusLine" time="0.001" classname="com.employeesapi.testcases.TC002_Get_Single_Emp_Rec">
    <failure type="junit.framework.ComparisonFailure" message="expected:&amp;lt;HTTP/1.1 [520 status code 520]&amp;gt; but was:&amp;lt;HTTP/1.1 [200 OK]&amp;gt;">
      <![CDATA[junit.framework.ComparisonFailure: expected:<HTTP/1.1 [520 status code 520]> but was:<HTTP/1.1 [200 OK]>
at junit.framework.Assert.assertEquals(Assert.java:85)
at junit.framework.Assert.assertEquals(Assert.java:91)
at com.employeesapi.testcases.TC002_Get_Single_Emp_Rec.checkStatusLine(TC002_Get_Single_Emp_Rec.java:44)
... Removed 34 stack frames]]>
    </failure>
  </testcase> <!-- checkStatusLine -->
  <testcase name="checkserverType" time="0.0" classname="com.employeesapi.testcases.TC002_Get_Single_Emp_Rec"/>
  <testcase name="checkContentType" time="0.0" classname="com.employeesapi.testcases.TC003_Post_Emp_Rec"/>
  <testcase name="checkResponseBody" time="0.001" classname="com.employeesapi.testcases.TC003_Post_Emp_Rec">
    <failure type="java.lang.AssertionError" message="expected [true] but found [false]">
      <![CDATA[java.lang.AssertionError: expected [true] but found [false]
at com.employeesapi.testcases.TC003_Post_Emp_Rec.checkResponseBody(TC003_Post_Emp_Rec.java:53)
... Removed 40 stack frames]]>
    </failure>
  </testcase> <!-- checkResponseBody -->
  <testcase name="checkStatusCode" time="0.0" classname="com.employeesapi.testcases.TC003_Post_Emp_Rec"/>
  <testcase name="checkcontentEncoding" time="0.0" classname="com.employeesapi.testcases.TC003_Post_Emp_Rec">
    <failure type="java.lang.AssertionError" message="expected [gzip] but found [null]">
      <![CDATA[java.lang.AssertionError: expected [gzip] but found [null]
at com.employeesapi.testcases.TC003_Post_Emp_Rec.checkcontentEncoding(TC003_Post_Emp_Rec.java:86)
... Removed 40 stack frames]]>
    </failure>
  </testcase> <!-- checkcontentEncoding -->
  <testcase name="checkserverType" time="0.0" classname="com.employeesapi.testcases.TC003_Post_Emp_Rec"/>
  <testcase name="checkstatusLine" time="0.0" classname="com.employeesapi.testcases.TC003_Post_Emp_Rec"/>
  <testcase name="checkContentType" time="0.001" classname="com.employeesapi.testcases.TC004_Put_Emp_Rec">
    <failure type="java.lang.AssertionError" message="expected [text/html; charset=UTF-8] but found [text/html; charset=iso-8859-1]">
      <![CDATA[java.lang.AssertionError: expected [text/html; charset=UTF-8] but found [text/html; charset=iso-8859-1]
at com.employeesapi.testcases.TC004_Put_Emp_Rec.checkContentType(TC004_Put_Emp_Rec.java:74)
... Removed 40 stack frames]]>
    </failure>
  </testcase> <!-- checkContentType -->
  <testcase name="checkResponseBody" time="0.002" classname="com.employeesapi.testcases.TC004_Put_Emp_Rec">
    <failure type="java.lang.AssertionError" message="expected [true] but found [false]">
      <![CDATA[java.lang.AssertionError: expected [true] but found [false]
at com.employeesapi.testcases.TC004_Put_Emp_Rec.checkResponseBody(TC004_Put_Emp_Rec.java:52)
... Removed 40 stack frames]]>
    </failure>
  </testcase> <!-- checkResponseBody -->
  <testcase name="checkStatusCode" time="0.0" classname="com.employeesapi.testcases.TC004_Put_Emp_Rec">
    <failure type="java.lang.AssertionError" message="expected [200] but found [520]">
      <![CDATA[java.lang.AssertionError: expected [200] but found [520]
at com.employeesapi.testcases.TC004_Put_Emp_Rec.checkStatusCode(TC004_Put_Emp_Rec.java:62)
... Removed 40 stack frames]]>
    </failure>
  </testcase> <!-- checkStatusCode -->
  <testcase name="checkcontentEncoding" time="0.0" classname="com.employeesapi.testcases.TC004_Put_Emp_Rec"/>
  <testcase name="checkserverType" time="0.0" classname="com.employeesapi.testcases.TC004_Put_Emp_Rec"/>
  <testcase name="checkstatusLine" time="0.001" classname="com.employeesapi.testcases.TC004_Put_Emp_Rec">
    <failure type="java.lang.AssertionError" message="expected [HTTP/1.1 200 OK] but found [HTTP/1.1 520 status code 520]">
      <![CDATA[java.lang.AssertionError: expected [HTTP/1.1 200 OK] but found [HTTP/1.1 520 status code 520]
at com.employeesapi.testcases.TC004_Put_Emp_Rec.checkstatusLine(TC004_Put_Emp_Rec.java:68)
... Removed 40 stack frames]]>
    </failure>
  </testcase> <!-- checkstatusLine -->
  <testcase name="checkContentType" time="0.0" classname="com.employeesapi.testcases.TC005_Del_Emp_Rec">
    <skipped/>
  </testcase> <!-- checkContentType -->
  <testcase name="checkResponseBody" time="0.0" classname="com.employeesapi.testcases.TC005_Del_Emp_Rec">
    <skipped/>
  </testcase> <!-- checkResponseBody -->
  <testcase name="checkStatusCode" time="0.0" classname="com.employeesapi.testcases.TC005_Del_Emp_Rec">
    <skipped/>
  </testcase> <!-- checkStatusCode -->
  <testcase name="checkStatusLine" time="0.0" classname="com.employeesapi.testcases.TC005_Del_Emp_Rec">
    <skipped/>
  </testcase> <!-- checkStatusLine -->
  <testcase name="checkserverType" time="0.0" classname="com.employeesapi.testcases.TC005_Del_Emp_Rec">
    <skipped/>
  </testcase> <!-- checkserverType -->
</testsuite> <!-- EmployeeapiTest -->
